1:C 28 Jul 2025 02:40:19.456 # WARNING Memory overcommit must be enabled! Without it, a background save or replication may fail under low memory condition. Being disabled, it can also cause failures without low memory condition, see https://github.com/jemalloc/jemalloc/issues/1328. To fix this issue add 'vm.overcommit_memory = 1' to /etc/sysctl.conf and then reboot or run the command 'sysctl vm.overcommit_memory=1' for this to take effect.
1:C 28 Jul 2025 02:40:19.456 * oO0OoO0OoO0Oo Redis is starting oO0OoO0OoO0Oo
1:C 28 Jul 2025 02:40:19.456 * Redis version=8.0.3, bits=64, commit=00000000, modified=1, pid=1, just started
1:C 28 Jul 2025 02:40:19.456 * Configuration loaded
1:M 28 Jul 2025 02:40:19.456 * monotonic clock: POSIX clock_gettime
1:M 28 Jul 2025 02:40:19.457 * Running mode=standalone, port=6379.
1:M 28 Jul 2025 02:40:19.470 * <bf> RedisBloom version 8.0.1 (Git=unknown)
1:M 28 Jul 2025 02:40:19.470 * <bf> Registering configuration options: [
1:M 28 Jul 2025 02:40:19.470 * <bf> 	{ bf-error-rate       :      0.01 }
1:M 28 Jul 2025 02:40:19.470 * <bf> 	{ bf-initial-size     :       100 }
1:M 28 Jul 2025 02:40:19.470 * <bf> 	{ bf-expansion-factor :         2 }
1:M 28 Jul 2025 02:40:19.470 * <bf> 	{ cf-bucket-size      :         2 }
1:M 28 Jul 2025 02:40:19.470 * <bf> 	{ cf-initial-size     :      1024 }
1:M 28 Jul 2025 02:40:19.470 * <bf> 	{ cf-max-iterations   :        20 }
1:M 28 Jul 2025 02:40:19.470 * <bf> 	{ cf-expansion-factor :         1 }
1:M 28 Jul 2025 02:40:19.470 * <bf> 	{ cf-max-expansions   :        32 }
1:M 28 Jul 2025 02:40:19.470 * <bf> ]
1:M 28 Jul 2025 02:40:19.470 * Module 'bf' loaded from /usr/local/lib/redis/modules//redisbloom.so
1:M 28 Jul 2025 02:40:19.489 * <search> Redis version found by RedisSearch : 8.0.3 - oss
1:M 28 Jul 2025 02:40:19.489 * <search> RediSearch version 8.0.1 (Git=5688fcc)
1:M 28 Jul 2025 02:40:19.489 * <search> Low level api version 1 initialized successfully
1:M 28 Jul 2025 02:40:19.489 * <search> gc: ON, prefix min length: 2, min word length to stem: 4, prefix max expansions: 200, query timeout (ms): 500, timeout policy: return, cursor read size: 1000, cursor max idle (ms): 300000, max doctable size: 1000000, max number of search results:  1000000, 
1:M 28 Jul 2025 02:40:19.489 * <search> Initialized thread pools!
1:M 28 Jul 2025 02:40:19.489 * <search> Disabled workers threadpool of size 0
1:M 28 Jul 2025 02:40:19.489 * <search> Subscribe to config changes
1:M 28 Jul 2025 02:40:19.489 * <search> Enabled role change notification
1:M 28 Jul 2025 02:40:19.489 * <search> Cluster configuration: AUTO partitions, type: 0, coordinator timeout: 0ms
1:M 28 Jul 2025 02:40:19.489 * <search> Register write commands
1:M 28 Jul 2025 02:40:19.490 * Module 'search' loaded from /usr/local/lib/redis/modules//redisearch.so
1:M 28 Jul 2025 02:40:19.498 * <timeseries> RedisTimeSeries version 80001, git_sha=577bfa8b5909e7ee572f0b651399be8303dc6641
1:M 28 Jul 2025 02:40:19.498 * <timeseries> Redis version found by RedisTimeSeries : 8.0.3 - oss
1:M 28 Jul 2025 02:40:19.498 * <timeseries> Registering configuration options: [
1:M 28 Jul 2025 02:40:19.498 * <timeseries> 	{ ts-compaction-policy   :              }
1:M 28 Jul 2025 02:40:19.498 * <timeseries> 	{ ts-num-threads         :            3 }
1:M 28 Jul 2025 02:40:19.498 * <timeseries> 	{ ts-retention-policy    :            0 }
1:M 28 Jul 2025 02:40:19.498 * <timeseries> 	{ ts-duplicate-policy    :        block }
1:M 28 Jul 2025 02:40:19.498 * <timeseries> 	{ ts-chunk-size-bytes    :         4096 }
1:M 28 Jul 2025 02:40:19.498 * <timeseries> 	{ ts-encoding            :   compressed }
1:M 28 Jul 2025 02:40:19.498 * <timeseries> 	{ ts-ignore-max-time-diff:            0 }
1:M 28 Jul 2025 02:40:19.498 * <timeseries> 	{ ts-ignore-max-val-diff :     0.000000 }
1:M 28 Jul 2025 02:40:19.498 * <timeseries> ]
1:M 28 Jul 2025 02:40:19.498 * <timeseries> Detected redis oss
1:M 28 Jul 2025 02:40:19.499 * Module 'timeseries' loaded from /usr/local/lib/redis/modules//redistimeseries.so
1:M 28 Jul 2025 02:40:19.543 * <ReJSON> Created new data type 'ReJSON-RL'
1:M 28 Jul 2025 02:40:19.543 * <ReJSON> version: 80001 git sha: unknown branch: unknown
1:M 28 Jul 2025 02:40:19.543 * <ReJSON> Exported RedisJSON_V1 API
1:M 28 Jul 2025 02:40:19.543 * <ReJSON> Exported RedisJSON_V2 API
1:M 28 Jul 2025 02:40:19.543 * <ReJSON> Exported RedisJSON_V3 API
1:M 28 Jul 2025 02:40:19.543 * <ReJSON> Exported RedisJSON_V4 API
1:M 28 Jul 2025 02:40:19.543 * <ReJSON> Exported RedisJSON_V5 API
1:M 28 Jul 2025 02:40:19.543 * <ReJSON> Enabled diskless replication
1:M 28 Jul 2025 02:40:19.543 * <ReJSON> Initialized shared string cache, thread safe: false.
1:M 28 Jul 2025 02:40:19.543 * Module 'ReJSON' loaded from /usr/local/lib/redis/modules//rejson.so
1:M 28 Jul 2025 02:40:19.543 * <search> Acquired RedisJSON_V5 API
1:M 28 Jul 2025 02:40:19.544 * Server initialized
1:M 28 Jul 2025 02:40:19.544 * Ready to accept connections tcp
1:M 31 Jul 2025 07:32:31.010 * 1 changes in 3600 seconds. Saving...
1:M 31 Jul 2025 07:32:31.011 * Background saving started by pid 56731
56731:C 31 Jul 2025 07:32:31.014 * DB saved on disk
56731:C 31 Jul 2025 07:32:31.015 * Fork CoW for RDB: current 0 MB, peak 0 MB, average 0 MB
1:M 31 Jul 2025 07:32:31.112 * Background saving terminated with success
1:signal-handler (1753947209) Received SIGTERM scheduling shutdown...
1:M 31 Jul 2025 07:33:29.741 * User requested shutdown...
1:M 31 Jul 2025 07:33:29.741 * Saving the final RDB snapshot before exiting.
1:M 31 Jul 2025 07:33:29.746 * DB saved on disk
1:M 31 Jul 2025 07:33:29.746 # Redis is now ready to exit, bye bye...
